SF:lib\core\util\status_enum.dart
DA:1,14
LF:1
LH:1
end_of_record
SF:lib\data\model\movie_detail_model.dart
DA:12,5
DA:40,1
DA:41,1
DA:42,1
DA:43,1
DA:44,1
DA:45,1
DA:46,1
DA:47,1
DA:48,1
DA:49,1
DA:50,1
DA:51,1
DA:52,1
DA:53,1
DA:54,1
DA:58,4
DA:59,4
DA:60,4
DA:61,4
DA:62,4
DA:63,4
DA:64,4
DA:65,4
DA:66,4
DA:67,4
DA:68,4
DA:69,4
DA:70,4
DA:71,4
DA:72,4
DA:73,4
DA:74,4
DA:75,4
DA:76,4
DA:77,4
DA:78,4
DA:79,4
DA:81,8
DA:83,8
DA:84,8
DA:86,8
DA:87,8
LF:43
LH:43
end_of_record
SF:lib\data\model\movie_model.dart
DA:4,7
DA:19,7
DA:36,7
DA:37,7
DA:38,7
DA:39,7
DA:40,7
DA:41,7
DA:42,7
DA:43,7
DA:44,7
DA:45,14
DA:46,7
DA:47,7
DA:48,7
DA:49,7
DA:50,14
DA:51,7
DA:55,0
DA:56,0
DA:57,0
DA:58,0
DA:59,0
DA:60,0
DA:61,0
DA:62,0
DA:63,0
DA:64,0
DA:65,0
DA:66,0
DA:67,0
DA:68,0
DA:69,0
DA:70,0
LF:34
LH:18
end_of_record
SF:lib\domain\entity\movie_detail_event.dart
DA:10,5
LF:1
LH:1
end_of_record
SF:lib\domain\entity\movie_event.dart
DA:10,5
LF:1
LH:1
end_of_record
SF:lib\data\datasource\remote\api_service.dart
DA:7,2
DA:9,0
DA:11,1
DA:13,1
DA:14,1
DA:16,3
DA:23,1
DA:25,1
DA:26,1
DA:28,3
LF:10
LH:9
end_of_record
SF:lib\data\model\collection_model.dart
DA:4,0
DA:11,4
DA:14,4
DA:16,0
DA:17,0
DA:23,0
DA:24,0
DA:25,0
DA:26,0
DA:27,0
DA:28,0
LF:11
LH:2
end_of_record
SF:lib\domain\entity\abstract_collection.dart
DA:2,0
LF:1
LH:0
end_of_record
SF:lib\data\model\genre_model.dart
DA:4,4
DA:9,4
DA:12,4
DA:14,8
DA:15,8
DA:21,4
DA:22,4
DA:23,4
DA:24,4
LF:9
LH:9
end_of_record
SF:lib\domain\entity\abstract_genre.dart
DA:2,4
LF:1
LH:1
end_of_record
SF:lib\data\model\production_countries_model.dart
DA:4,4
DA:9,4
DA:12,4
DA:14,8
DA:16,8
DA:23,4
DA:24,4
DA:25,4
DA:26,4
LF:9
LH:9
end_of_record
SF:lib\data\model\production_companies_model.dart
DA:4,4
DA:11,4
DA:14,4
DA:16,8
DA:18,8
DA:24,4
DA:25,4
DA:26,4
DA:27,4
DA:28,4
DA:29,4
LF:11
LH:11
end_of_record
SF:lib\domain\entity\abstract_movie_detail.dart
DA:8,5
LF:1
LH:1
end_of_record
SF:lib\data\model\spoken_languages_model.dart
DA:4,4
DA:10,4
DA:13,4
DA:16,8
DA:17,8
DA:23,4
DA:24,4
DA:25,4
DA:26,4
DA:27,4
LF:10
LH:10
end_of_record
SF:lib\domain\entity\abstract_movie.dart
DA:17,8
LF:1
LH:1
end_of_record
SF:lib\domain\entity\abstract_production_companies.dart
DA:2,4
LF:1
LH:1
end_of_record
SF:lib\domain\entity\abstract_production_countries.dart
DA:2,4
LF:1
LH:1
end_of_record
SF:lib\domain\entity\abstract_spoken_languages.dart
DA:2,4
LF:1
LH:1
end_of_record
SF:lib\domain\usecase\get_movie_detail_usecase.dart
DA:9,1
DA:12,1
DA:13,3
LF:3
LH:3
end_of_record
SF:lib\domain\usecase\get_movies_usecase.dart
DA:9,1
DA:12,1
DA:13,3
LF:3
LH:3
end_of_record
SF:lib\presentation\bloc\movies_bloc_impl.dart
DA:15,1
DA:23,1
DA:24,2
DA:26,0
DA:28,0
DA:31,1
DA:33,2
DA:37,1
DA:38,3
DA:39,1
DA:41,6
DA:45,1
DA:46,3
LF:13
LH:11
end_of_record
SF:lib\data\datasource\local\DAOs\database.dart
DA:6,0
DA:7,0
DA:8,0
DA:9,0
DA:10,0
DA:13,0
DA:18,0
DA:19,0
DA:20,0
DA:21,0
DA:22,0
DA:23,0
DA:24,0
DA:27,0
DA:30,0
DA:33,0
DA:36,0
DA:38,0
DA:39,0
DA:41,0
DA:44,0
DA:47,0
DA:50,0
DA:55,0
DA:56,0
DA:60,0
DA:64,0
DA:65,0
DA:70,0
LF:29
LH:0
end_of_record
SF:lib\data\repository\movies_repository_impl.dart
DA:20,1
DA:26,1
DA:27,1
DA:30,1
DA:31,1
DA:32,1
DA:33,3
DA:34,2
DA:35,2
DA:37,3
DA:38,2
DA:39,3
DA:40,1
DA:41,0
DA:43,2
DA:48,2
DA:49,2
DA:51,1
DA:57,1
DA:62,1
DA:68,0
DA:76,1
DA:77,2
DA:79,2
DA:80,2
DA:83,0
DA:84,0
DA:86,0
DA:90,0
DA:92,0
DA:97,0
DA:101,1
DA:106,0
LF:33
LH:24
end_of_record
SF:lib\domain\repository\database_response.dart
DA:13,1
DA:17,1
DA:19,2
DA:23,0
DA:24,0
DA:26,0
DA:27,0
DA:28,0
DA:30,0
DA:36,1
DA:38,1
DA:43,1
DA:48,2
DA:49,2
DA:53,0
DA:55,0
DA:57,0
DA:62,1
DA:64,1
LF:19
LH:10
end_of_record
SF:lib\core\util\palette.dart
DA:12,3
LF:1
LH:1
end_of_record
SF:lib\presentation\view\main_screen.dart
DA:6,5
DA:8,1
LF:2
LH:2
end_of_record
SF:lib\presentation\widget\main_screen_widget.dart
DA:8,5
DA:10,2
DA:11,2
DA:18,2
DA:20,2
DA:21,4
DA:27,2
DA:29,2
DA:30,2
DA:31,2
DA:32,2
DA:33,2
DA:35,2
DA:37,2
DA:43,2
DA:59,2
DA:60,2
DA:61,0
DA:68,2
DA:69,2
DA:70,2
DA:72,2
DA:73,2
DA:82,2
DA:83,2
DA:84,2
DA:91,2
DA:92,2
DA:99,2
DA:100,2
DA:110,2
DA:111,2
DA:113,2
DA:114,2
DA:115,2
DA:116,2
DA:140,2
LF:37
LH:36
end_of_record
SF:lib\presentation\view\movie_detail_screen.dart
DA:23,1
DA:26,1
DA:28,1
DA:29,1
DA:35,1
DA:37,3
DA:38,2
DA:40,1
DA:43,1
DA:45,1
DA:46,1
DA:48,1
DA:49,1
DA:50,1
DA:51,1
DA:52,0
DA:75,1
DA:76,1
DA:87,1
DA:88,1
DA:91,1
DA:94,1
DA:107,1
DA:108,3
DA:132,1
DA:133,1
DA:134,1
DA:135,1
DA:140,1
DA:142,2
DA:143,2
DA:145,1
DA:146,1
DA:150,2
DA:151,1
DA:160,0
DA:161,0
DA:162,0
DA:163,0
DA:166,0
DA:167,0
DA:175,0
DA:184,0
DA:188,0
DA:194,0
DA:196,0
DA:197,0
DA:198,0
DA:203,0
DA:205,0
DA:207,0
DA:209,0
DA:211,0
DA:213,0
DA:215,0
DA:217,0
DA:219,0
DA:222,0
DA:224,0
DA:226,0
DA:228,0
DA:230,0
DA:232,0
DA:234,0
DA:236,0
DA:238,0
DA:240,0
DA:242,0
DA:244,0
DA:246,0
DA:248,0
DA:250,0
DA:252,0
DA:254,0
DA:256,0
DA:258,0
DA:260,0
DA:262,0
DA:264,0
DA:266,0
DA:268,0
DA:270,0
DA:272,0
DA:274,0
DA:277,0
DA:279,0
DA:281,0
DA:283,0
DA:285,0
DA:287,0
DA:289,0
DA:291,0
DA:293,0
DA:295,0
DA:297,0
DA:299,0
DA:301,0
DA:303,0
DA:305,0
DA:307,0
DA:311,0
DA:314,0
DA:316,0
DA:317,0
DA:319,0
DA:321,0
DA:322,0
DA:324,0
DA:325,0
DA:326,0
DA:329,0
DA:330,0
DA:333,0
DA:334,0
DA:335,0
DA:336,0
DA:338,0
DA:339,0
DA:340,0
DA:341,0
DA:345,0
DA:346,0
DA:347,0
DA:350,0
DA:351,0
DA:354,0
DA:355,0
DA:356,0
DA:357,0
DA:361,0
DA:365,0
DA:368,0
DA:370,0
DA:371,0
DA:373,0
DA:376,0
DA:378,0
DA:379,0
DA:381,0
DA:386,0
DA:387,0
DA:388,0
LF:142
LH:34
end_of_record
SF:lib\presentation\widget\visibility\visibility_list_attributes_production_companies.dart
DA:6,0
DA:13,0
DA:15,0
DA:16,0
DA:17,0
DA:19,0
DA:23,0
DA:24,0
DA:28,0
DA:29,0
DA:30,0
LF:11
LH:0
end_of_record
SF:lib\presentation\widget\visibility\visibility_list_attributes_production_country.dart
DA:6,0
DA:13,0
DA:15,0
DA:16,0
DA:17,0
DA:19,0
DA:20,0
DA:21,0
DA:25,0
DA:26,0
DA:30,0
DA:31,0
DA:32,0
LF:13
LH:0
end_of_record
SF:lib\presentation\widget\visibility\visibility_list_image.dart
DA:8,0
DA:15,0
DA:17,0
DA:21,0
DA:24,0
DA:25,0
DA:29,0
DA:33,0
DA:34,0
DA:35,0
LF:10
LH:0
end_of_record
SF:lib\presentation\widget\show_image.dart
DA:9,1
DA:10,1
DA:11,1
DA:12,0
DA:13,0
DA:15,0
DA:16,0
DA:17,0
DA:25,1
DA:30,1
DA:31,1
DA:32,1
DA:36,0
DA:41,0
LF:14
LH:7
end_of_record
SF:lib\presentation\widget\empty_widget.dart
DA:7,0
DA:8,0
LF:2
LH:0
end_of_record
SF:lib\presentation\widget\error_widget.dart
DA:9,0
DA:10,0
DA:11,0
DA:12,0
DA:13,0
LF:5
LH:0
end_of_record
SF:lib\presentation\widget\visibility\visibility_list_attributes_name.dart
DA:5,0
DA:12,0
DA:14,0
DA:15,0
DA:16,0
DA:19,0
DA:20,0
DA:24,0
DA:26,0
DA:27,0
LF:10
LH:0
end_of_record
SF:lib\presentation\widget\visibility\visibility_list_attributes_spoken_languages.dart
DA:5,0
DA:12,0
DA:14,0
DA:15,0
DA:16,0
DA:17,0
DA:18,0
DA:19,0
DA:23,0
LF:9
LH:0
end_of_record
SF:lib\presentation\widget\visibility\visibility_text.dart
DA:7,0
DA:16,0
DA:18,0
DA:19,0
DA:20,0
DA:22,0
DA:23,0
DA:24,0
DA:25,0
DA:30,0
DA:31,0
DA:33,0
LF:12
LH:0
end_of_record
SF:lib\presentation\view\splash_screen.dart
DA:9,1
DA:11,1
DA:12,1
DA:16,1
DA:18,1
DA:20,1
LF:6
LH:6
end_of_record
SF:lib\presentation\view\top_rated.dart
DA:18,4
DA:20,1
DA:21,1
DA:25,1
DA:27,2
DA:28,2
DA:29,1
DA:32,1
DA:34,1
DA:35,1
DA:36,2
DA:37,1
DA:38,1
DA:42,2
DA:43,1
DA:47,1
DA:51,1
DA:52,1
DA:53,3
DA:54,1
DA:58,1
DA:59,0
DA:60,0
DA:62,0
DA:63,0
DA:66,0
DA:67,0
DA:72,1
DA:76,1
DA:77,1
DA:78,1
DA:82,1
DA:83,1
DA:84,1
DA:86,5
DA:87,1
DA:88,4
DA:92,1
DA:93,1
DA:94,4
DA:111,0
DA:112,0
DA:113,0
DA:114,0
LF:44
LH:34
end_of_record
SF:lib\presentation\widget\visibility\visibility_list_text_style.dart
DA:5,0
LF:1
LH:0
end_of_record
SF:lib\presentation\widget\visibility\visibility_text_style.dart
DA:5,0
LF:1
LH:0
end_of_record
